# JRE version: OpenJDK Runtime Environment (21.0.9) (build 21.0.9+-14649483-b1163.86)
# Java VM: OpenJDK 64-Bit Server VM (21.0.9+-14649483-b1163.86, mixed mode, tiered, compressed oops, compressed class ptrs, g1 gc, windows-amd64)
GC Precious Log:
 CardTable entry size: 512
 Card Set container configuration: InlinePtr #cards 5 size 8 Array Of Cards #cards 12 size 40 Howl #buckets 4 coarsen threshold 1843 Howl Bitmap #cards 512 size 80 coarsen threshold 460 Card regions per heap region 1 cards per card region 2048
 CPUs: 4 total, 4 available
 Memory: 20220M
 Large Page Support: Disabled
 NUMA Support: Disabled
 Compressed Oops: Enabled (32-bit)
 Heap Region Size: 1M
 Heap Min Capacity: 8M
 Heap Initial Capacity: 316M
 Heap Max Capacity: 2G
 Pre-touch: Disabled
 Parallel Workers: 4
 Concurrent Workers: 1
 Concurrent Refinement Workers: 4
 Periodic GC: Disabled
Heap:
 garbage-first heap   total 462848K, used 302592K [0x0000000080000000, 0x0000000100000000)
  region size 1024K, 19 young (19456K), 7 survivors (7168K)
 Metaspace       used 190766K, committed 193600K, reserved 1245184K
  class space    used 25894K, committed 27264K, reserved 1048576K
GC Heap History (20 events):
Event: 107.776 GC heap before
{Heap before GC invocations=61 (full 0):
 garbage-first heap   total 265216K, used 244789K [0x0000000080000000, 0x0000000100000000)
  region size 1024K, 100 young (102400K), 8 survivors (8192K)
 Metaspace       used 176546K, committed 179200K, reserved 1245184K
  class space    used 23852K, committed 25152K, reserved 1048576K
}
Event: 107.798 GC heap after
{Heap after GC invocations=62 (full 0):
 garbage-first heap   total 265216K, used 162816K [0x0000000080000000, 0x0000000100000000)
  region size 1024K, 13 young (13312K), 13 survivors (13312K)
 Metaspace       used 176546K, committed 179200K, reserved 1245184K
  class space    used 23852K, committed 25152K, reserved 1048576K
}
Event: 112.404 GC heap before
{Heap before GC invocations=62 (full 0):
 garbage-first heap   total 265216K, used 247808K [0x0000000080000000, 0x0000000100000000)
  region size 1024K, 92 young (94208K), 13 survivors (13312K)
 Metaspace       used 180823K, committed 183552K, reserved 1245184K
  class space    used 24295K, committed 25600K, reserved 1048576K
}
Event: 112.439 GC heap after
{Heap after GC invocations=63 (full 0):
 garbage-first heap   total 278528K, used 173056K [0x0000000080000000, 0x0000000100000000)
  region size 1024K, 12 young (12288K), 12 survivors (12288K)
 Metaspace       used 180823K, committed 183552K, reserved 1245184K
  class space    used 24295K, committed 25600K, reserved 1048576K
}
Event: 114.130 GC heap before
{Heap before GC invocations=63 (full 0):
 garbage-first heap   total 278528K, used 250880K [0x0000000080000000, 0x0000000100000000)
  region size 1024K, 89 young (91136K), 12 survivors (12288K)
 Metaspace       used 180866K, committed 183616K, reserved 1245184K
  class space    used 24298K, committed 25600K, reserved 1048576K
}
Event: 114.147 GC heap after
{Heap after GC invocations=64 (full 0):
 garbage-first heap   total 278528K, used 177664K [0x0000000080000000, 0x0000000100000000)
  region size 1024K, 6 young (6144K), 6 survivors (6144K)
 Metaspace       used 180866K, committed 183616K, reserved 1245184K
  class space    used 24298K, committed 25600K, reserved 1048576K
}
Event: 116.610 GC heap before
{Heap before GC invocations=65 (full 0):
 garbage-first heap   total 296960K, used 253440K [0x0000000080000000, 0x0000000100000000)
  region size 1024K, 81 young (82944K), 6 survivors (6144K)
 Metaspace       used 182722K, committed 185536K, reserved 1245184K
  class space    used 24595K, committed 25984K, reserved 1048576K
}
Event: 116.621 GC heap after
{Heap after GC invocations=66 (full 0):
 garbage-first heap   total 296960K, used 180045K [0x0000000080000000, 0x0000000100000000)
  region size 1024K, 8 young (8192K), 8 survivors (8192K)
 Metaspace       used 182722K, committed 185536K, reserved 1245184K
  class space    used 24595K, committed 25984K, reserved 1048576K
}
Event: 118.031 GC heap before
{Heap before GC invocations=66 (full 0):
 garbage-first heap   total 296960K, used 271181K [0x0000000080000000, 0x0000000100000000)
  region size 1024K, 98 young (100352K), 8 survivors (8192K)
 Metaspace       used 183068K, committed 185856K, reserved 1245184K
  class space    used 24634K, committed 25984K, reserved 1048576K
}
Event: 118.045 GC heap after
{Heap after GC invocations=67 (full 0):
 garbage-first heap   total 296960K, used 175870K [0x0000000080000000, 0x0000000100000000)
  region size 1024K, 8 young (8192K), 8 survivors (8192K)
 Metaspace       used 183068K, committed 185856K, reserved 1245184K
  class space    used 24634K, committed 25984K, reserved 1048576K
}
Event: 119.235 GC heap before
{Heap before GC invocations=67 (full 0):
 garbage-first heap   total 296960K, used 205566K [0x0000000080000000, 0x0000000100000000)
  region size 1024K, 38 young (38912K), 8 survivors (8192K)
 Metaspace       used 184195K, committed 187008K, reserved 1245184K
  class space    used 24775K, committed 26176K, reserved 1048576K
}
Event: 119.249 GC heap after
{Heap after GC invocations=68 (full 0):
 garbage-first heap   total 296960K, used 176741K [0x0000000080000000, 0x0000000100000000)
  region size 1024K, 6 young (6144K), 6 survivors (6144K)
 Metaspace       used 184195K, committed 187008K, reserved 1245184K
  class space    used 24775K, committed 26176K, reserved 1048576K
}
Event: 121.607 GC heap before
{Heap before GC invocations=69 (full 0):
 garbage-first heap   total 322560K, used 321125K [0x0000000080000000, 0x0000000100000000)
  region size 1024K, 67 young (68608K), 6 survivors (6144K)
 Metaspace       used 187637K, committed 190464K, reserved 1245184K
  class space    used 25281K, committed 26688K, reserved 1048576K
}
Event: 121.622 GC heap after
{Heap after GC invocations=70 (full 0):
 garbage-first heap   total 348160K, used 243534K [0x0000000080000000, 0x0000000100000000)
  region size 1024K, 13 young (13312K), 13 survivors (13312K)
 Metaspace       used 187637K, committed 190464K, reserved 1245184K
  class space    used 25281K, committed 26688K, reserved 1048576K
}
Event: 123.192 GC heap before
{Heap before GC invocations=70 (full 0):
 garbage-first heap   total 348160K, used 312142K [0x0000000080000000, 0x0000000100000000)
  region size 1024K, 79 young (80896K), 13 survivors (13312K)
 Metaspace       used 187956K, committed 190784K, reserved 1245184K
  class space    used 25325K, committed 26688K, reserved 1048576K
}
Event: 123.247 GC heap after
{Heap after GC invocations=71 (full 0):
 garbage-first heap   total 355328K, used 267734K [0x0000000080000000, 0x0000000100000000)
  region size 1024K, 10 young (10240K), 10 survivors (10240K)
 Metaspace       used 187956K, committed 190784K, reserved 1245184K
  class space    used 25325K, committed 26688K, reserved 1048576K
}
Event: 123.316 GC heap before
{Heap before GC invocations=71 (full 0):
 garbage-first heap   total 355328K, used 273878K [0x0000000080000000, 0x0000000100000000)
  region size 1024K, 17 young (17408K), 10 survivors (10240K)
 Metaspace       used 187956K, committed 190784K, reserved 1245184K
  class space    used 25325K, committed 26688K, reserved 1048576K
}
Event: 123.342 GC heap after
{Heap after GC invocations=72 (full 0):
 garbage-first heap   total 355328K, used 272813K [0x0000000080000000, 0x0000000100000000)
  region size 1024K, 4 young (4096K), 4 survivors (4096K)
 Metaspace       used 187956K, committed 190784K, reserved 1245184K
  class space    used 25325K, committed 26688K, reserved 1048576K
}
Event: 125.052 GC heap before
{Heap before GC invocations=73 (full 0):
 garbage-first heap   total 462848K, used 321965K [0x0000000080000000, 0x0000000100000000)
  region size 1024K, 49 young (50176K), 4 survivors (4096K)
 Metaspace       used 190672K, committed 193472K, reserved 1245184K
  class space    used 25879K, committed 27264K, reserved 1048576K
}
Event: 125.091 GC heap after
{Heap after GC invocations=74 (full 0):
 garbage-first heap   total 462848K, used 291328K [0x0000000080000000, 0x0000000100000000)
  region size 1024K, 7 young (7168K), 7 survivors (7168K)
 Metaspace       used 190672K, committed 193472K, reserved 1245184K
  class space    used 25879K, committed 27264K, reserved 1048576K
}

