# JRE version: OpenJDK Runtime Environment Temurin-21.0.10+7 (21.0.10+7) (build 21.0.10+7-LTS)
# Java VM: OpenJDK 64-Bit Server VM Temurin-21.0.10+7 (21.0.10+7-LTS, mixed mode, sharing, tiered, compressed oops, compressed class ptrs, parallel gc, windows-amd64)
GC Precious Log:
 CardTable entry size: 512
 CPUs: 4 total, 4 available
 Memory: 20220M
 Large Page Support: Disabled
 NUMA Support: Disabled
 Compressed Oops: Enabled (32-bit)
 Alignments: Space 512K, Generation 512K, Heap 2M
 Heap Min Capacity: 100M
 Heap Initial Capacity: 100M
 Heap Max Capacity: 2G
 Pre-touch: Disabled
 Parallel Workers: 4
Heap:
 PSYoungGen      total 22528K, used 18200K [0x00000000d5580000, 0x00000000d6e80000, 0x0000000100000000)
  eden space 22016K, 82% used [0x00000000d5580000,0x00000000d67363c8,0x00000000d6b00000)
  from space 512K, 12% used [0x00000000d6e00000,0x00000000d6e10000,0x00000000d6e80000)
  to   space 512K, 0% used [0x00000000d6d80000,0x00000000d6d80000,0x00000000d6e00000)
 ParOldGen       total 68608K, used 58572K [0x0000000080000000, 0x0000000084300000, 0x00000000d5580000)
  object space 68608K, 85% used [0x0000000080000000,0x0000000083933130,0x0000000084300000)
 Metaspace       used 70292K, committed 71808K, reserved 1114112K
  class space    used 8750K, committed 9472K, reserved 1048576K
GC Heap History (20 events):
Event: 248.129 GC heap before
{Heap before GC invocations=44 (full 3):
 PSYoungGen      total 22528K, used 22525K [0x00000000d5580000, 0x00000000d6f80000, 0x0000000100000000)
  eden space 22016K, 100% used [0x00000000d5580000,0x00000000d6b00000,0x00000000d6b00000)
  from space 512K, 99% used [0x00000000d6f00000,0x00000000d6f7f4d0,0x00000000d6f80000)
  to   space 1536K, 0% used [0x00000000d6c80000,0x00000000d6c80000,0x00000000d6e00000)
 ParOldGen       total 68608K, used 57587K [0x0000000080000000, 0x0000000084300000, 0x00000000d5580000)
  object space 68608K, 83% used [0x0000000080000000,0x000000008383cf28,0x0000000084300000)
 Metaspace       used 68005K, committed 69440K, reserved 1114112K
  class space    used 8465K, committed 9088K, reserved 1048576K
}
Event: 248.130 GC heap after
{Heap after GC invocations=44 (full 3):
 PSYoungGen      total 23552K, used 1027K [0x00000000d5580000, 0x00000000d6f80000, 0x0000000100000000)
  eden space 22016K, 0% used [0x00000000d5580000,0x00000000d5580000,0x00000000d6b00000)
  from space 1536K, 66% used [0x00000000d6c80000,0x00000000d6d80fb8,0x00000000d6e00000)
  to   space 1536K, 0% used [0x00000000d6e00000,0x00000000d6e00000,0x00000000d6f80000)
 ParOldGen       total 68608K, used 57739K [0x0000000080000000, 0x0000000084300000, 0x00000000d5580000)
  object space 68608K, 84% used [0x0000000080000000,0x0000000083862f28,0x0000000084300000)
 Metaspace       used 68005K, committed 69440K, reserved 1114112K
  class space    used 8465K, committed 9088K, reserved 1048576K
}
Event: 248.384 GC heap before
{Heap before GC invocations=45 (full 3):
 PSYoungGen      total 23552K, used 23043K [0x00000000d5580000, 0x00000000d6f80000, 0x0000000100000000)
  eden space 22016K, 100% used [0x00000000d5580000,0x00000000d6b00000,0x00000000d6b00000)
  from space 1536K, 66% used [0x00000000d6c80000,0x00000000d6d80fb8,0x00000000d6e00000)
  to   space 1536K, 0% used [0x00000000d6e00000,0x00000000d6e00000,0x00000000d6f80000)
 ParOldGen       total 68608K, used 57739K [0x0000000080000000, 0x0000000084300000, 0x00000000d5580000)
  object space 68608K, 84% used [0x0000000080000000,0x0000000083862f28,0x0000000084300000)
 Metaspace       used 68005K, committed 69440K, reserved 1114112K
  class space    used 8465K, committed 9088K, reserved 1048576K
}
Event: 248.385 GC heap after
{Heap after GC invocations=45 (full 3):
 PSYoungGen      total 23040K, used 699K [0x00000000d5580000, 0x00000000d6f00000, 0x0000000100000000)
  eden space 22016K, 0% used [0x00000000d5580000,0x00000000d5580000,0x00000000d6b00000)
  from space 1024K, 68% used [0x00000000d6e00000,0x00000000d6eaee48,0x00000000d6f00000)
  to   space 1024K, 0% used [0x00000000d6d00000,0x00000000d6d00000,0x00000000d6e00000)
 ParOldGen       total 68608K, used 57787K [0x0000000080000000, 0x0000000084300000, 0x00000000d5580000)
  object space 68608K, 84% used [0x0000000080000000,0x000000008386ef28,0x0000000084300000)
 Metaspace       used 68005K, committed 69440K, reserved 1114112K
  class space    used 8465K, committed 9088K, reserved 1048576K
}
Event: 248.602 GC heap before
{Heap before GC invocations=46 (full 3):
 PSYoungGen      total 23040K, used 22715K [0x00000000d5580000, 0x00000000d6f00000, 0x0000000100000000)
  eden space 22016K, 100% used [0x00000000d5580000,0x00000000d6b00000,0x00000000d6b00000)
  from space 1024K, 68% used [0x00000000d6e00000,0x00000000d6eaee48,0x00000000d6f00000)
  to   space 1024K, 0% used [0x00000000d6d00000,0x00000000d6d00000,0x00000000d6e00000)
 ParOldGen       total 68608K, used 57787K [0x0000000080000000, 0x0000000084300000, 0x00000000d5580000)
  object space 68608K, 84% used [0x0000000080000000,0x000000008386ef28,0x0000000084300000)
 Metaspace       used 68005K, committed 69440K, reserved 1114112K
  class space    used 8465K, committed 9088K, reserved 1048576K
}
Event: 248.603 GC heap after
{Heap after GC invocations=46 (full 3):
 PSYoungGen      total 23040K, used 808K [0x00000000d5580000, 0x00000000d6e80000, 0x0000000100000000)
  eden space 22016K, 0% used [0x00000000d5580000,0x00000000d5580000,0x00000000d6b00000)
  from space 1024K, 78% used [0x00000000d6d00000,0x00000000d6dca3c8,0x00000000d6e00000)
  to   space 512K, 0% used [0x00000000d6e00000,0x00000000d6e00000,0x00000000d6e80000)
 ParOldGen       total 68608K, used 57795K [0x0000000080000000, 0x0000000084300000, 0x00000000d5580000)
  object space 68608K, 84% used [0x0000000080000000,0x0000000083870f28,0x0000000084300000)
 Metaspace       used 68005K, committed 69440K, reserved 1114112K
  class space    used 8465K, committed 9088K, reserved 1048576K
}
Event: 248.818 GC heap before
{Heap before GC invocations=47 (full 3):
 PSYoungGen      total 23040K, used 22824K [0x00000000d5580000, 0x00000000d6e80000, 0x0000000100000000)
  eden space 22016K, 100% used [0x00000000d5580000,0x00000000d6b00000,0x00000000d6b00000)
  from space 1024K, 78% used [0x00000000d6d00000,0x00000000d6dca3c8,0x00000000d6e00000)
  to   space 512K, 0% used [0x00000000d6e00000,0x00000000d6e00000,0x00000000d6e80000)
 ParOldGen       total 68608K, used 57795K [0x0000000080000000, 0x0000000084300000, 0x00000000d5580000)
  object space 68608K, 84% used [0x0000000080000000,0x0000000083870f28,0x0000000084300000)
 Metaspace       used 68006K, committed 69440K, reserved 1114112K
  class space    used 8465K, committed 9088K, reserved 1048576K
}
Event: 248.818 GC heap after
{Heap after GC invocations=47 (full 3):
 PSYoungGen      total 22528K, used 507K [0x00000000d5580000, 0x00000000d6e80000, 0x0000000100000000)
  eden space 22016K, 0% used [0x00000000d5580000,0x00000000d5580000,0x00000000d6b00000)
  from space 512K, 99% used [0x00000000d6e00000,0x00000000d6e7ef20,0x00000000d6e80000)
  to   space 1024K, 0% used [0x00000000d6c80000,0x00000000d6c80000,0x00000000d6d80000)
 ParOldGen       total 68608K, used 57948K [0x0000000080000000, 0x0000000084300000, 0x00000000d5580000)
  object space 68608K, 84% used [0x0000000080000000,0x00000000838970e0,0x0000000084300000)
 Metaspace       used 68006K, committed 69440K, reserved 1114112K
  class space    used 8465K, committed 9088K, reserved 1048576K
}
Event: 249.080 GC heap before
{Heap before GC invocations=48 (full 3):
 PSYoungGen      total 22528K, used 22523K [0x00000000d5580000, 0x00000000d6e80000, 0x0000000100000000)
  eden space 22016K, 100% used [0x00000000d5580000,0x00000000d6b00000,0x00000000d6b00000)
  from space 512K, 99% used [0x00000000d6e00000,0x00000000d6e7ef20,0x00000000d6e80000)
  to   space 1024K, 0% used [0x00000000d6c80000,0x00000000d6c80000,0x00000000d6d80000)
 ParOldGen       total 68608K, used 57948K [0x0000000080000000, 0x0000000084300000, 0x00000000d5580000)
  object space 68608K, 84% used [0x0000000080000000,0x00000000838970e0,0x0000000084300000)
 Metaspace       used 68006K, committed 69440K, reserved 1114112K
  class space    used 8465K, committed 9088K, reserved 1048576K
}
Event: 249.081 GC heap after
{Heap after GC invocations=48 (full 3):
 PSYoungGen      total 23040K, used 343K [0x00000000d5580000, 0x00000000d6e80000, 0x0000000100000000)
  eden space 22016K, 0% used [0x00000000d5580000,0x00000000d5580000,0x00000000d6b00000)
  from space 1024K, 33% used [0x00000000d6c80000,0x00000000d6cd5d40,0x00000000d6d80000)
  to   space 512K, 0% used [0x00000000d6e00000,0x00000000d6e00000,0x00000000d6e80000)
 ParOldGen       total 68608K, used 57964K [0x0000000080000000, 0x0000000084300000, 0x00000000d5580000)
  object space 68608K, 84% used [0x0000000080000000,0x000000008389b0e0,0x0000000084300000)
 Metaspace       used 68006K, committed 69440K, reserved 1114112K
  class space    used 8465K, committed 9088K, reserved 1048576K
}
Event: 249.309 GC heap before
{Heap before GC invocations=49 (full 3):
 PSYoungGen      total 23040K, used 22359K [0x00000000d5580000, 0x00000000d6e80000, 0x0000000100000000)
  eden space 22016K, 100% used [0x00000000d5580000,0x00000000d6b00000,0x00000000d6b00000)
  from space 1024K, 33% used [0x00000000d6c80000,0x00000000d6cd5d40,0x00000000d6d80000)
  to   space 512K, 0% used [0x00000000d6e00000,0x00000000d6e00000,0x00000000d6e80000)
 ParOldGen       total 68608K, used 57964K [0x0000000080000000, 0x0000000084300000, 0x00000000d5580000)
  object space 68608K, 84% used [0x0000000080000000,0x000000008389b0e0,0x0000000084300000)
 Metaspace       used 68006K, committed 69440K, reserved 1114112K
  class space    used 8465K, committed 9088K, reserved 1048576K
}
Event: 249.310 GC heap after
{Heap after GC invocations=49 (full 3):
 PSYoungGen      total 22528K, used 234K [0x00000000d5580000, 0x00000000d6e80000, 0x0000000100000000)
  eden space 22016K, 0% used [0x00000000d5580000,0x00000000d5580000,0x00000000d6b00000)
  from space 512K, 45% used [0x00000000d6e00000,0x00000000d6e3a800,0x00000000d6e80000)
  to   space 512K, 0% used [0x00000000d6d80000,0x00000000d6d80000,0x00000000d6e00000)
 ParOldGen       total 68608K, used 57980K [0x0000000080000000, 0x0000000084300000, 0x00000000d5580000)
  object space 68608K, 84% used [0x0000000080000000,0x000000008389f0e0,0x0000000084300000)
 Metaspace       used 68006K, committed 69440K, reserved 1114112K
  class space    used 8465K, committed 9088K, reserved 1048576K
}
Event: 249.645 GC heap before
{Heap before GC invocations=50 (full 3):
 PSYoungGen      total 22528K, used 22250K [0x00000000d5580000, 0x00000000d6e80000, 0x0000000100000000)
  eden space 22016K, 100% used [0x00000000d5580000,0x00000000d6b00000,0x00000000d6b00000)
  from space 512K, 45% used [0x00000000d6e00000,0x00000000d6e3a800,0x00000000d6e80000)
  to   space 512K, 0% used [0x00000000d6d80000,0x00000000d6d80000,0x00000000d6e00000)
 ParOldGen       total 68608K, used 57980K [0x0000000080000000, 0x0000000084300000, 0x00000000d5580000)
  object space 68608K, 84% used [0x0000000080000000,0x000000008389f0e0,0x0000000084300000)
 Metaspace       used 68356K, committed 69760K, reserved 1114112K
  class space    used 8527K, committed 9152K, reserved 1048576K
}
Event: 249.646 GC heap after
{Heap after GC invocations=50 (full 3):
 PSYoungGen      total 22528K, used 224K [0x00000000d5580000, 0x00000000d6e80000, 0x0000000100000000)
  eden space 22016K, 0% used [0x00000000d5580000,0x00000000d5580000,0x00000000d6b00000)
  from space 512K, 43% used [0x00000000d6d80000,0x00000000d6db8000,0x00000000d6e00000)
  to   space 512K, 0% used [0x00000000d6e00000,0x00000000d6e00000,0x00000000d6e80000)
 ParOldGen       total 68608K, used 58012K [0x0000000080000000, 0x0000000084300000, 0x00000000d5580000)
  object space 68608K, 84% used [0x0000000080000000,0x00000000838a70e0,0x0000000084300000)
 Metaspace       used 68356K, committed 69760K, reserved 1114112K
  class space    used 8527K, committed 9152K, reserved 1048576K
}
Event: 277.720 GC heap before
{Heap before GC invocations=51 (full 3):
 PSYoungGen      total 22528K, used 22240K [0x00000000d5580000, 0x00000000d6e80000, 0x0000000100000000)
  eden space 22016K, 100% used [0x00000000d5580000,0x00000000d6b00000,0x00000000d6b00000)
  from space 512K, 43% used [0x00000000d6d80000,0x00000000d6db8000,0x00000000d6e00000)
  to   space 512K, 0% used [0x00000000d6e00000,0x00000000d6e00000,0x00000000d6e80000)
 ParOldGen       total 68608K, used 58012K [0x0000000080000000, 0x0000000084300000, 0x00000000d5580000)
  object space 68608K, 84% used [0x0000000080000000,0x00000000838a70e0,0x0000000084300000)
 Metaspace       used 70125K, committed 71488K, reserved 1114112K
  class space    used 8718K, committed 9344K, reserved 1048576K
}
Event: 277.723 GC heap after
{Heap after GC invocations=51 (full 3):
 PSYoungGen      total 22528K, used 416K [0x00000000d5580000, 0x00000000d6e80000, 0x0000000100000000)
  eden space 22016K, 0% used [0x00000000d5580000,0x00000000d5580000,0x00000000d6b00000)
  from space 512K, 81% used [0x00000000d6e00000,0x00000000d6e68010,0x00000000d6e80000)
  to   space 512K, 0% used [0x00000000d6d80000,0x00000000d6d80000,0x00000000d6e00000)
 ParOldGen       total 68608K, used 58156K [0x0000000080000000, 0x0000000084300000, 0x00000000d5580000)
  object space 68608K, 84% used [0x0000000080000000,0x00000000838cb0e0,0x0000000084300000)
 Metaspace       used 70125K, committed 71488K, reserved 1114112K
  class space    used 8718K, committed 9344K, reserved 1048576K
}
Event: 279.749 GC heap before
{Heap before GC invocations=52 (full 3):
 PSYoungGen      total 22528K, used 22432K [0x00000000d5580000, 0x00000000d6e80000, 0x0000000100000000)
  eden space 22016K, 100% used [0x00000000d5580000,0x00000000d6b00000,0x00000000d6b00000)
  from space 512K, 81% used [0x00000000d6e00000,0x00000000d6e68010,0x00000000d6e80000)
  to   space 512K, 0% used [0x00000000d6d80000,0x00000000d6d80000,0x00000000d6e00000)
 ParOldGen       total 68608K, used 58156K [0x0000000080000000, 0x0000000084300000, 0x00000000d5580000)
  object space 68608K, 84% used [0x0000000080000000,0x00000000838cb0e0,0x0000000084300000)
 Metaspace       used 70128K, committed 71488K, reserved 1114112K
  class space    used 8718K, committed 9344K, reserved 1048576K
}
Event: 279.750 GC heap after
{Heap after GC invocations=52 (full 3):
 PSYoungGen      total 22528K, used 128K [0x00000000d5580000, 0x00000000d6e80000, 0x0000000100000000)
  eden space 22016K, 0% used [0x00000000d5580000,0x00000000d5580000,0x00000000d6b00000)
  from space 512K, 25% used [0x00000000d6d80000,0x00000000d6da0000,0x00000000d6e00000)
  to   space 512K, 0% used [0x00000000d6e00000,0x00000000d6e00000,0x00000000d6e80000)
 ParOldGen       total 68608K, used 58548K [0x0000000080000000, 0x0000000084300000, 0x00000000d5580000)
  object space 68608K, 85% used [0x0000000080000000,0x000000008392d130,0x0000000084300000)
 Metaspace       used 70128K, committed 71488K, reserved 1114112K
  class space    used 8718K, committed 9344K, reserved 1048576K
}
Event: 281.307 GC heap before
{Heap before GC invocations=53 (full 3):
 PSYoungGen      total 22528K, used 22144K [0x00000000d5580000, 0x00000000d6e80000, 0x0000000100000000)
  eden space 22016K, 100% used [0x00000000d5580000,0x00000000d6b00000,0x00000000d6b00000)
  from space 512K, 25% used [0x00000000d6d80000,0x00000000d6da0000,0x00000000d6e00000)
  to   space 512K, 0% used [0x00000000d6e00000,0x00000000d6e00000,0x00000000d6e80000)
 ParOldGen       total 68608K, used 58548K [0x0000000080000000, 0x0000000084300000, 0x00000000d5580000)
  object space 68608K, 85% used [0x0000000080000000,0x000000008392d130,0x0000000084300000)
 Metaspace       used 70128K, committed 71488K, reserved 1114112K
  class space    used 8718K, committed 9344K, reserved 1048576K
}
Event: 281.311 GC heap after
{Heap after GC invocations=53 (full 3):
 PSYoungGen      total 22528K, used 64K [0x00000000d5580000, 0x00000000d6e80000, 0x0000000100000000)
  eden space 22016K, 0% used [0x00000000d5580000,0x00000000d5580000,0x00000000d6b00000)
  from space 512K, 12% used [0x00000000d6e00000,0x00000000d6e10000,0x00000000d6e80000)
  to   space 512K, 0% used [0x00000000d6d80000,0x00000000d6d80000,0x00000000d6e00000)
 ParOldGen       total 68608K, used 58572K [0x0000000080000000, 0x0000000084300000, 0x00000000d5580000)
  object space 68608K, 85% used [0x0000000080000000,0x0000000083933130,0x0000000084300000)
 Metaspace       used 70128K, committed 71488K, reserved 1114112K
  class space    used 8718K, committed 9344K, reserved 1048576K
}

